<?xml version="1.0" encoding="UTF-8"?>
<!-- Generated by org.testng.reporters.JUnitReportReporter -->
<testsuite hostname="Prince" failures="0" tests="1" name="Practice.SeleniumFrameworkDesign.tests.ErrorValidations" time="8.367" errors="0" timestamp="2025-06-20T12:52:40 EDT" skipped="0">
  <testcase classname="Practice.SeleniumFrameworkDesign.tests.ErrorValidations" name="submitOrder" time="8.367"/>
</testsuite> <!-- Practice.SeleniumFrameworkDesign.tests.ErrorValidations -->
