<?xml version="1.0" encoding="UTF-8"?>
<!-- Generated by org.testng.reporters.JUnitReportReporter -->
<testsuite hostname="Prince" failures="0" tests="3" name="Practice.SeleniumFrameworkDesign.tests.SubmitOrderTest" time="57.083" errors="0" timestamp="2025-07-03T00:03:22 EDT" skipped="0">
  <testcase classname="Practice.SeleniumFrameworkDesign.tests.SubmitOrderTest" name="submitOrder" time="22.183"/>
  <testcase classname="Practice.SeleniumFrameworkDesign.tests.SubmitOrderTest" name="submitOrder" time="19.350"/>
  <testcase classname="Practice.SeleniumFrameworkDesign.tests.SubmitOrderTest" name="OrderHistoryTest" time="15.550"/>
</testsuite> <!-- Practice.SeleniumFrameworkDesign.tests.SubmitOrderTest -->
